<?xml version="1.0" encoding="UTF-8"?>
<!-- Generated by org.testng.reporters.JUnitReportReporter -->
<testsuite skipped="0" hostname="MANOJ-KUMAWAT" name="test.testng_concept.Test1" tests="5" failures="0" timestamp="11 Oct 2018 04:53:13 GMT" time="162.498" errors="0">
  <testcase name="TestMethod1" time="37.259" classname="test.testng_concept.Test1"/>
  <testcase name="TestMethod1" time="26.762" classname="test.testng_concept.Test1"/>
  <testcase name="TestMethod1" time="31.675" classname="test.testng_concept.Test1"/>
  <testcase name="TestMethod1" time="37.849" classname="test.testng_concept.Test1"/>
  <testcase name="TestMethod1" time="28.953" classname="test.testng_concept.Test1"/>
</testsuite> <!-- test.testng_concept.Test1 -->
