<?xml version="1.0" encoding="UTF-8"?>
<!-- Generated by org.testng.reporters.JUnitReportReporter -->
<testsuite skipped="0" hostname="MANOJ-KUMAWAT" name="test.testng_concept.Test2" tests="5" failures="0" timestamp="11 Oct 2018 04:53:13 GMT" time="187.162" errors="0">
  <testcase name="TestMethod2" time="42.979" classname="test.testng_concept.Test2"/>
  <testcase name="TestMethod2" time="28.211" classname="test.testng_concept.Test2"/>
  <testcase name="TestMethod2" time="41.231" classname="test.testng_concept.Test2"/>
  <testcase name="TestMethod2" time="43.283" classname="test.testng_concept.Test2"/>
  <testcase name="TestMethod2" time="31.458" classname="test.testng_concept.Test2"/>
</testsuite> <!-- test.testng_concept.Test2 -->
